<!DOCTYPE html PUBLIC "-//W3C//DTD XHTML 1.1//EN" "http://www.w3.org/TR/xhtml11/DTD/xhtml11.dtd">
<html xmlns="http://www.w3.org/1999/xhtml"><head><title>TestNG Report</title><style type="text/css">table {margin-bottom:10px;border-collapse:collapse;empty-cells:show}th,td {border:1px solid #009;padding:.25em .5em}th {vertical-align:bottom}td {vertical-align:top}table a {font-weight:bold}.stripe td {background-color: #E6EBF9}.num {text-align:right}.passedodd td {background-color: #3F3}.passedeven td {background-color: #0A0}.skippedodd td {background-color: #DDD}.skippedeven td {background-color: #CCC}.failedodd td,.attn {background-color: #F33}.failedeven td,.stripe .attn {background-color: #D00}.stacktrace {white-space:pre;font-family:monospace}.totop {font-size:85%;text-align:center;border-bottom:2px solid #000}</style></head><body><table><tr><th>Test</th><th># Passed</th><th># Skipped</th><th># Failed</th><th>Time (ms)</th><th>Included Groups</th><th>Excluded Groups</th></tr><tr><th colspan="7">Test runner</th></tr><tr><td><a href="#t0">BUILDIT Tutorial</a></td><td class="num">0</td><td class="num">0</td><td class="num attn">2</td><td class="num">72,489</td><td></td><td></td></tr></table><table><thead><tr><th>Class</th><th>Method</th><th>Start</th><th>Time (ms)</th></tr></thead><tbody><tr><th colspan="4">Test runner</th></tr></tbody><tbody id="t0"><tr><th colspan="4">BUILDIT Tutorial &#8212; failed</th></tr><tr class="failedeven"><td rowspan="2">com.cucumber.BuildIT.base_files.runners.TestRunner</td><td><a href="#m0">feature</a></td><td rowspan="2">1490961240920</td><td rowspan="2">5368</td></tr><tr class="failedeven"><td><a href="#m1">feature</a></td></tr></tbody></table><h2>BUILDIT Tutorial</h2><h3 id="m0">com.cucumber.BuildIT.base_files.runners.TestRunner#feature</h3><table class="result"><tr class="param"><th>Parameter #1</th></tr><tr class="param stripe"><td>To verify default screen /home screen for weather forecast report application.</td></tr><tr><th>Exception</th></tr><tr><td><div class="stacktrace">cucumber.runtime.CucumberException: java.lang.AssertionError: The following asserts failed:
	 Date does not match in first row expected [31] but found [20],
	 Date does not match in second row expected [1] but found [21],
	 Date does not match in third row expected [2] but found [22],
	 Date does not match in fourth row expected [3] but found [23],
	 Date does not match in fifth row expected [4] but found [24]
	at cucumber.api.testng.TestNGCucumberRunner.runCucumber(TestNGCucumberRunner.java:69)
	at cucumber.api.testng.AbstractTestNGCucumberTests.feature(AbstractTestNGCucumberTests.java:21)
	at java.util.concurrent.ThreadPoolExecutor.runWorker(ThreadPoolExecutor.java:1142)
	at java.util.concurrent.ThreadPoolExecutor$Worker.run(ThreadPoolExecutor.java:617)
	at java.lang.Thread.run(Thread.java:745)
Caused by: java.lang.AssertionError: The following asserts failed:
	 Date does not match in first row expected [31] but found [20],
	 Date does not match in second row expected [1] but found [21],
	 Date does not match in third row expected [2] but found [22],
	 Date does not match in fourth row expected [3] but found [23],
	 Date does not match in fifth row expected [4] but found [24]
	at com.cucumber.BuildIT.base_files.page_objects.Home_Page.Verify_Dates(Home_Page.java:92)
	at com.cucumber.BuildIT.base_files.glue.Verify_Default_Values.Verify_Dates(Verify_Default_Values.java:19)
	at ✽.Then I should be able to see five dates starting from current date(Verify_Default_Values.feature:19)
... Removed 11 stack frames</div></td></tr></table><p class="totop"><a href="#summary">back to summary</a></p><h3 id="m1">com.cucumber.BuildIT.base_files.runners.TestRunner#feature</h3><table class="result"><tr class="param"><th>Parameter #1</th></tr><tr class="param stripe"><td>To verify different functionalities /features in report</td></tr><tr><th>Exception</th></tr><tr><td><div class="stacktrace">cucumber.runtime.CucumberException: org.openqa.selenium.TimeoutException: Expected condition failed: waiting for visibility of element located by By.xpath: //span[@class=&apos;hour&apos; and @data-test=&apos;hour-1-5&apos;] (tried for 20 second(s) with 500 MILLISECONDS interval)
	at cucumber.api.testng.TestNGCucumberRunner.runCucumber(TestNGCucumberRunner.java:69)
	at cucumber.api.testng.AbstractTestNGCucumberTests.feature(AbstractTestNGCucumberTests.java:21)
	at java.util.concurrent.ThreadPoolExecutor.runWorker(ThreadPoolExecutor.java:1142)
	at java.util.concurrent.ThreadPoolExecutor$Worker.run(ThreadPoolExecutor.java:617)
	at java.lang.Thread.run(Thread.java:745)
Caused by: org.openqa.selenium.TimeoutException: Expected condition failed: waiting for visibility of element located by By.xpath: //span[@class=&apos;hour&apos; and @data-test=&apos;hour-1-5&apos;] (tried for 20 second(s) with 500 MILLISECONDS interval)
	at org.openqa.selenium.support.ui.WebDriverWait.timeoutException(WebDriverWait.java:80)
	at org.openqa.selenium.support.ui.FluentWait.until(FluentWait.java:232)
	at com.cucumber.BuildIT.base_files.framework.Utils.wait_explicit_till_element_Displayed(Utils.java:82)
	at com.cucumber.BuildIT.base_files.framework.Utils.verify_Element_displayed(Utils.java:44)
	at com.cucumber.BuildIT.base_files.page_objects.Hourly_Forecast.Verify_All_Elements_Displayed(Hourly_Forecast.java:76)
	at com.cucumber.BuildIT.base_files.glue.Verify_Weather_Forecast_Report.Verify_Hourly_Report_Displayed(Verify_Weather_Forecast_Report.java:32)
	at ✽.Then I should be able to see three hourly dividation of day report for row &quot;one&quot;(Verify_Weather_Forecast_Report.feature:20)
Caused by: org.openqa.selenium.NoSuchElementException: Cannot locate an element using By.xpath: //span[@class=&apos;hour&apos; and @data-test=&apos;hour-1-5&apos;]
For documentation on this error, please visit: http://seleniumhq.org/exceptions/no_such_element.html
Build info: version: &apos;3.3.1&apos;, revision: &apos;5234b325d5&apos;, time: &apos;2017-03-10 09:10:29 +0000&apos;
System info: host: &apos;tglm.local&apos;, ip: &apos;fe80:0:0:0:3e15:c2ff:fee9:7526%en0&apos;, os.name: &apos;Mac OS X&apos;, os.arch: &apos;x86_64&apos;, os.version: &apos;10.11.1&apos;, java.version: &apos;1.8.0_102&apos;
Driver info: driver.version: unknown
	at org.openqa.selenium.support.ui.ExpectedConditions.lambda$findElement$0(ExpectedConditions.java:899)
	at java.util.Optional.orElseThrow(Optional.java:290)
	at org.openqa.selenium.support.ui.ExpectedConditions.findElement(ExpectedConditions.java:898)
	at org.openqa.selenium.support.ui.ExpectedConditions.access$000(ExpectedConditions.java:44)
	at org.openqa.selenium.support.ui.ExpectedConditions$7.apply(ExpectedConditions.java:208)
	at org.openqa.selenium.support.ui.ExpectedConditions$7.apply(ExpectedConditions.java:204)
	at org.openqa.selenium.support.ui.FluentWait.until(FluentWait.java:209)
	at com.cucumber.BuildIT.base_files.framework.Utils.wait_explicit_till_element_Displayed(Utils.java:82)
	at com.cucumber.BuildIT.base_files.framework.Utils.verify_Element_displayed(Utils.java:44)
	at com.cucumber.BuildIT.base_files.page_objects.Hourly_Forecast.Verify_All_Elements_Displayed(Hourly_Forecast.java:76)
	at com.cucumber.BuildIT.base_files.glue.Verify_Weather_Forecast_Report.Verify_Hourly_Report_Displayed(Verify_Weather_Forecast_Report.java:32)
	at cucumber.runtime.Utils$1.call(Utils.java:40)
	at cucumber.runtime.Timeout.timeout(Timeout.java:16)
	at cucumber.runtime.Utils.invoke(Utils.java:34)
	at cucumber.runtime.java.JavaStepDefinition.execute(JavaStepDefinition.java:35)
	at cucumber.runtime.StepDefinitionMatch.runStep(StepDefinitionMatch.java:37)
	at cucumber.runtime.Runtime.runStep(Runtime.java:300)
	at cucumber.runtime.model.StepContainer.runStep(StepContainer.java:44)
	at cucumber.runtime.model.StepContainer.runSteps(StepContainer.java:39)
	at cucumber.runtime.model.CucumberScenario.run(CucumberScenario.java:44)
	at cucumber.runtime.model.CucumberScenarioOutline.run(CucumberScenarioOutline.java:46)
	at cucumber.runtime.model.CucumberFeature.run(CucumberFeature.java:165)
	at cucumber.api.testng.TestNGCucumberRunner.runCucumber(TestNGCucumberRunner.java:63)
	at cucumber.api.testng.AbstractTestNGCucumberTests.feature(AbstractTestNGCucumberTests.java:21)
	at java.util.concurrent.ThreadPoolExecutor.runWorker(ThreadPoolExecutor.java:1142)
	at java.util.concurrent.ThreadPoolExecutor$Worker.run(ThreadPoolExecutor.java:617)
	at java.lang.Thread.run(Thread.java:745)
... Removed 24 stack frames</div></td></tr></table><p class="totop"><a href="#summary">back to summary</a></p></body></html>