<?xml version="1.0" encoding="UTF-8"?>
<testng-results skipped="0" failed="2" ignored="0" total="2" passed="0">
  <reporter-output>
  </reporter-output>
  <suite name="Test runner" duration-ms="72489" started-at="2017-03-31T11:54:00Z" finished-at="2017-03-31T11:55:13Z">
    <groups>
      <group name="cucumber">
        <method signature="AbstractTestNGCucumberTests.feature(cucumber.api.testng.CucumberFeatureWrapper)[pri:0, instance:com.cucumber.BuildIT.base_files.runners.TestRunner@67b64c45]" name="feature" class="cucumber.api.testng.AbstractTestNGCucumberTests"/>
      </group> <!-- cucumber -->
    </groups>
    <test name="BUILDIT Tutorial" duration-ms="72489" started-at="2017-03-31T11:54:00Z" finished-at="2017-03-31T11:55:13Z">
      <class name="com.cucumber.BuildIT.base_files.runners.TestRunner">
        <test-method status="PASS" signature="setUpClass()[pri:0, instance:com.cucumber.BuildIT.base_files.runners.TestRunner@67b64c45]" name="setUpClass" is-config="true" duration-ms="267" started-at="2017-03-31T12:54:00Z" finished-at="2017-03-31T12:54:00Z">
          <reporter-output>
          </reporter-output>
        </test-method> <!-- setUpClass -->
        <test-method status="FAIL" signature="feature(cucumber.api.testng.CucumberFeatureWrapper)[pri:0, instance:com.cucumber.BuildIT.base_files.runners.TestRunner@67b64c45]" name="feature" duration-ms="5368" started-at="2017-03-31T12:54:00Z" description="Runs Cucumber Feature" data-provider="features" finished-at="2017-03-31T12:54:06Z">
          <params>
            <param index="0">
              <value>
                <![CDATA[To verify default screen /home screen for weather forecast report application.]]>
              </value>
            </param>
          </params>
          <exception class="cucumber.runtime.CucumberException">
            <message>
              <![CDATA[java.lang.AssertionError: The following asserts failed:
	 Date does not match in first row expected [31] but found [20],
	 Date does not match in second row expected [1] but found [21],
	 Date does not match in third row expected [2] but found [22],
	 Date does not match in fourth row expected [3] but found [23],
	 Date does not match in fifth row expected [4] but found [24]]]>
            </message>
            <full-stacktrace>
              <![CDATA[cucumber.runtime.CucumberException: java.lang.AssertionError: The following asserts failed:
	 Date does not match in first row expected [31] but found [20],
	 Date does not match in second row expected [1] but found [21],
	 Date does not match in third row expected [2] but found [22],
	 Date does not match in fourth row expected [3] but found [23],
	 Date does not match in fifth row expected [4] but found [24]
	at cucumber.api.testng.TestNGCucumberRunner.runCucumber(TestNGCucumberRunner.java:69)
	at cucumber.api.testng.AbstractTestNGCucumberTests.feature(AbstractTestNGCucumberTests.java:21)
	at sun.reflect.NativeMethodAccessorImpl.invoke0(Native Method)
	at sun.reflect.NativeMethodAccessorImpl.invoke(NativeMethodAccessorImpl.java:62)
	at sun.reflect.DelegatingMethodAccessorImpl.invoke(DelegatingMethodAccessorImpl.java:43)
	at java.lang.reflect.Method.invoke(Method.java:498)
	at org.testng.internal.MethodInvocationHelper.invokeMethod(MethodInvocationHelper.java:104)
	at org.testng.internal.Invoker.invokeMethod(Invoker.java:645)
	at org.testng.internal.Invoker.invokeTestMethod(Invoker.java:851)
	at org.testng.internal.Invoker.invokeTestMethods(Invoker.java:1177)
	at org.testng.internal.TestMethodWorker.invokeTestMethods(TestMethodWorker.java:129)
	at org.testng.internal.TestMethodWorker.run(TestMethodWorker.java:112)
	at java.util.concurrent.ThreadPoolExecutor.runWorker(ThreadPoolExecutor.java:1142)
	at java.util.concurrent.ThreadPoolExecutor$Worker.run(ThreadPoolExecutor.java:617)
	at java.lang.Thread.run(Thread.java:745)
Caused by: java.lang.AssertionError: The following asserts failed:
	 Date does not match in first row expected [31] but found [20],
	 Date does not match in second row expected [1] but found [21],
	 Date does not match in third row expected [2] but found [22],
	 Date does not match in fourth row expected [3] but found [23],
	 Date does not match in fifth row expected [4] but found [24]
	at org.testng.asserts.SoftAssert.assertAll(SoftAssert.java:43)
	at com.cucumber.BuildIT.base_files.page_objects.Home_Page.Verify_Dates(Home_Page.java:92)
	at com.cucumber.BuildIT.base_files.glue.Verify_Default_Values.Verify_Dates(Verify_Default_Values.java:19)
	at ✽.Then I should be able to see five dates starting from current date(Verify_Default_Values.feature:19)
]]>
            </full-stacktrace>
          </exception> <!-- cucumber.runtime.CucumberException -->
          <reporter-output>
          </reporter-output>
        </test-method> <!-- feature -->
        <test-method status="FAIL" signature="feature(cucumber.api.testng.CucumberFeatureWrapper)[pri:0, instance:com.cucumber.BuildIT.base_files.runners.TestRunner@67b64c45]" name="feature" duration-ms="66721" started-at="2017-03-31T12:54:06Z" description="Runs Cucumber Feature" data-provider="features" finished-at="2017-03-31T12:55:13Z">
          <params>
            <param index="0">
              <value>
                <![CDATA[To verify different functionalities /features in report]]>
              </value>
            </param>
          </params>
          <exception class="cucumber.runtime.CucumberException">
            <message>
              <![CDATA[org.openqa.selenium.TimeoutException: Expected condition failed: waiting for visibility of element located by By.xpath: //span[@class='hour' and @data-test='hour-1-5'] (tried for 20 second(s) with 500 MILLISECONDS interval)]]>
            </message>
            <full-stacktrace>
              <![CDATA[cucumber.runtime.CucumberException: org.openqa.selenium.TimeoutException: Expected condition failed: waiting for visibility of element located by By.xpath: //span[@class='hour' and @data-test='hour-1-5'] (tried for 20 second(s) with 500 MILLISECONDS interval)
	at cucumber.api.testng.TestNGCucumberRunner.runCucumber(TestNGCucumberRunner.java:69)
	at cucumber.api.testng.AbstractTestNGCucumberTests.feature(AbstractTestNGCucumberTests.java:21)
	at sun.reflect.NativeMethodAccessorImpl.invoke0(Native Method)
	at sun.reflect.NativeMethodAccessorImpl.invoke(NativeMethodAccessorImpl.java:62)
	at sun.reflect.DelegatingMethodAccessorImpl.invoke(DelegatingMethodAccessorImpl.java:43)
	at java.lang.reflect.Method.invoke(Method.java:498)
	at org.testng.internal.MethodInvocationHelper.invokeMethod(MethodInvocationHelper.java:104)
	at org.testng.internal.Invoker.invokeMethod(Invoker.java:645)
	at org.testng.internal.Invoker.invokeTestMethod(Invoker.java:851)
	at org.testng.internal.Invoker.invokeTestMethods(Invoker.java:1177)
	at org.testng.internal.TestMethodWorker.invokeTestMethods(TestMethodWorker.java:129)
	at org.testng.internal.TestMethodWorker.run(TestMethodWorker.java:112)
	at java.util.concurrent.ThreadPoolExecutor.runWorker(ThreadPoolExecutor.java:1142)
	at java.util.concurrent.ThreadPoolExecutor$Worker.run(ThreadPoolExecutor.java:617)
	at java.lang.Thread.run(Thread.java:745)
Caused by: org.openqa.selenium.TimeoutException: Expected condition failed: waiting for visibility of element located by By.xpath: //span[@class='hour' and @data-test='hour-1-5'] (tried for 20 second(s) with 500 MILLISECONDS interval)
	at org.openqa.selenium.support.ui.WebDriverWait.timeoutException(WebDriverWait.java:80)
	at org.openqa.selenium.support.ui.FluentWait.until(FluentWait.java:232)
	at com.cucumber.BuildIT.base_files.framework.Utils.wait_explicit_till_element_Displayed(Utils.java:82)
	at com.cucumber.BuildIT.base_files.framework.Utils.verify_Element_displayed(Utils.java:44)
	at com.cucumber.BuildIT.base_files.page_objects.Hourly_Forecast.Verify_All_Elements_Displayed(Hourly_Forecast.java:76)
	at com.cucumber.BuildIT.base_files.glue.Verify_Weather_Forecast_Report.Verify_Hourly_Report_Displayed(Verify_Weather_Forecast_Report.java:32)
	at ✽.Then I should be able to see three hourly dividation of day report for row "one"(Verify_Weather_Forecast_Report.feature:20)
Caused by: org.openqa.selenium.NoSuchElementException: Cannot locate an element using By.xpath: //span[@class='hour' and @data-test='hour-1-5']
For documentation on this error, please visit: http://seleniumhq.org/exceptions/no_such_element.html
Build info: version: '3.3.1', revision: '5234b325d5', time: '2017-03-10 09:10:29 +0000'
System info: host: 'tglm.local', ip: 'fe80:0:0:0:3e15:c2ff:fee9:7526%en0', os.name: 'Mac OS X', os.arch: 'x86_64', os.version: '10.11.1', java.version: '1.8.0_102'
Driver info: driver.version: unknown
	at org.openqa.selenium.support.ui.ExpectedConditions.lambda$findElement$0(ExpectedConditions.java:899)
	at java.util.Optional.orElseThrow(Optional.java:290)
	at org.openqa.selenium.support.ui.ExpectedConditions.findElement(ExpectedConditions.java:898)
	at org.openqa.selenium.support.ui.ExpectedConditions.access$000(ExpectedConditions.java:44)
	at org.openqa.selenium.support.ui.ExpectedConditions$7.apply(ExpectedConditions.java:208)
	at org.openqa.selenium.support.ui.ExpectedConditions$7.apply(ExpectedConditions.java:204)
	at org.openqa.selenium.support.ui.FluentWait.until(FluentWait.java:209)
	at com.cucumber.BuildIT.base_files.framework.Utils.wait_explicit_till_element_Displayed(Utils.java:82)
	at com.cucumber.BuildIT.base_files.framework.Utils.verify_Element_displayed(Utils.java:44)
	at com.cucumber.BuildIT.base_files.page_objects.Hourly_Forecast.Verify_All_Elements_Displayed(Hourly_Forecast.java:76)
	at com.cucumber.BuildIT.base_files.glue.Verify_Weather_Forecast_Report.Verify_Hourly_Report_Displayed(Verify_Weather_Forecast_Report.java:32)
	at sun.reflect.NativeMethodAccessorImpl.invoke0(Native Method)
	at sun.reflect.NativeMethodAccessorImpl.invoke(NativeMethodAccessorImpl.java:62)
	at sun.reflect.DelegatingMethodAccessorImpl.invoke(DelegatingMethodAccessorImpl.java:43)
	at java.lang.reflect.Method.invoke(Method.java:498)
	at cucumber.runtime.Utils$1.call(Utils.java:40)
	at cucumber.runtime.Timeout.timeout(Timeout.java:16)
	at cucumber.runtime.Utils.invoke(Utils.java:34)
	at cucumber.runtime.java.JavaStepDefinition.execute(JavaStepDefinition.java:35)
	at cucumber.runtime.StepDefinitionMatch.runStep(StepDefinitionMatch.java:37)
	at cucumber.runtime.Runtime.runStep(Runtime.java:300)
	at cucumber.runtime.model.StepContainer.runStep(StepContainer.java:44)
	at cucumber.runtime.model.StepContainer.runSteps(StepContainer.java:39)
	at cucumber.runtime.model.CucumberScenario.run(CucumberScenario.java:44)
	at cucumber.runtime.model.CucumberScenarioOutline.run(CucumberScenarioOutline.java:46)
	at cucumber.runtime.model.CucumberFeature.run(CucumberFeature.java:165)
	at cucumber.api.testng.TestNGCucumberRunner.runCucumber(TestNGCucumberRunner.java:63)
	at cucumber.api.testng.AbstractTestNGCucumberTests.feature(AbstractTestNGCucumberTests.java:21)
	at sun.reflect.NativeMethodAccessorImpl.invoke0(Native Method)
	at sun.reflect.NativeMethodAccessorImpl.invoke(NativeMethodAccessorImpl.java:62)
	at sun.reflect.DelegatingMethodAccessorImpl.invoke(DelegatingMethodAccessorImpl.java:43)
	at java.lang.reflect.Method.invoke(Method.java:498)
	at org.testng.internal.MethodInvocationHelper.invokeMethod(MethodInvocationHelper.java:104)
	at org.testng.internal.Invoker.invokeMethod(Invoker.java:645)
	at org.testng.internal.Invoker.invokeTestMethod(Invoker.java:851)
	at org.testng.internal.Invoker.invokeTestMethods(Invoker.java:1177)
	at org.testng.internal.TestMethodWorker.invokeTestMethods(TestMethodWorker.java:129)
	at org.testng.internal.TestMethodWorker.run(TestMethodWorker.java:112)
	at java.util.concurrent.ThreadPoolExecutor.runWorker(ThreadPoolExecutor.java:1142)
	at java.util.concurrent.ThreadPoolExecutor$Worker.run(ThreadPoolExecutor.java:617)
	at java.lang.Thread.run(Thread.java:745)
]]>
            </full-stacktrace>
          </exception> <!-- cucumber.runtime.CucumberException -->
          <reporter-output>
          </reporter-output>
        </test-method> <!-- feature -->
        <test-method status="PASS" signature="tearDownClass()[pri:0, instance:com.cucumber.BuildIT.base_files.runners.TestRunner@67b64c45]" name="tearDownClass" is-config="true" duration-ms="27" started-at="2017-03-31T12:55:13Z" finished-at="2017-03-31T12:55:13Z">
          <reporter-output>
          </reporter-output>
        </test-method> <!-- tearDownClass -->
      </class> <!-- com.cucumber.BuildIT.base_files.runners.TestRunner -->
    </test> <!-- BUILDIT Tutorial -->
  </suite> <!-- Test runner -->
</testng-results>
